<?xml version="1.0" encoding="UTF-8"?>
<robot generator="Robot 6.1 (Python 3.11.4 on win32)" generated="20230904 15:57:07.928" rpa="false" schemaversion="4">
<suite id="s1" name="Login 02 test" source="C:\Users\Nithin Sai-int-246\PycharmProjects\Robotframework\Framework\TestCycles\Module_02\testscenario\Login_02_test.robot">
<test id="s1-t1" name="Test_Login2" line="7">
<kw name="Open Login page" library="ui_keywords2">
<kw name="Open Browser" library="SeleniumLibrary">
<arg>${lurl}</arg>
<arg>${Browser}</arg>
<doc>Opens a new browser instance to the optional ``url``.</doc>
<msg timestamp="20230904 15:57:08.200" level="INFO">Opening browser 'ff' to base url 'https://opensource-demo.orangehrmlive.com/web/index.php/auth/login'.</msg>
<msg timestamp="20230904 15:57:08.208" level="INFO">Executing: C:\Users\Nithin Sai-int-246\AppData\Local\Programs\Python\Python311\Lib\site-packages\selenium\webdriver\common\windows\selenium-manager.exe --browser firefox --output json</msg>
<status status="PASS" starttime="20230904 15:57:08.199" endtime="20230904 15:57:25.117"/>
</kw>
<kw name="Maximize Browser Window" library="SeleniumLibrary">
<doc>Maximizes current browser window.</doc>
<status status="PASS" starttime="20230904 15:57:25.118" endtime="20230904 15:57:25.382"/>
</kw>
<kw name="Sleep" library="BuiltIn">
<arg>3</arg>
<doc>Pauses the test executed for the given time.</doc>
<msg timestamp="20230904 15:57:28.383" level="INFO">Slept 3 seconds</msg>
<status status="PASS" starttime="20230904 15:57:25.383" endtime="20230904 15:57:28.383"/>
</kw>
<status status="PASS" starttime="20230904 15:57:08.198" endtime="20230904 15:57:28.384"/>
</kw>
<kw name="Loginusername" library="ui_keywords2">
<doc>LOGIN TEST</doc>
<kw name="Input Text" library="SeleniumLibrary">
<arg>${Puname}</arg>
<arg>${loginuname}</arg>
<doc>Types the given ``text`` into the text field identified by ``locator``.</doc>
<msg timestamp="20230904 15:57:28.386" level="INFO">Typing text 'Admin' into text field '//input[@placeholder="Username"]'.</msg>
<status status="PASS" starttime="20230904 15:57:28.385" endtime="20230904 15:57:28.439"/>
</kw>
<status status="PASS" starttime="20230904 15:57:28.384" endtime="20230904 15:57:28.439"/>
</kw>
<kw name="Enter the Password" library="ui_keywords2">
<kw name="Input Text" library="SeleniumLibrary">
<arg>${Ppwd}</arg>
<arg>${loginpswd}</arg>
<doc>Types the given ``text`` into the text field identified by ``locator``.</doc>
<msg timestamp="20230904 15:57:28.441" level="INFO">Typing text 'admin124' into text field '//input[@placeholder="Password"]'.</msg>
<status status="PASS" starttime="20230904 15:57:28.440" endtime="20230904 15:57:28.468"/>
</kw>
<status status="PASS" starttime="20230904 15:57:28.439" endtime="20230904 15:57:28.468"/>
</kw>
<kw name="Click the submit Button" library="ui_keywords2">
<kw name="Click Element" library="SeleniumLibrary">
<arg>${Psubmit}</arg>
<doc>Click the element identified by ``locator``.</doc>
<msg timestamp="20230904 15:57:28.471" level="INFO">Clicking element '//button[@type="submit"]'.</msg>
<status status="PASS" starttime="20230904 15:57:28.469" endtime="20230904 15:57:29.940"/>
</kw>
<kw name="Sleep" library="BuiltIn">
<arg>5</arg>
<doc>Pauses the test executed for the given time.</doc>
<msg timestamp="20230904 15:57:34.942" level="INFO">Slept 5 seconds</msg>
<status status="PASS" starttime="20230904 15:57:29.941" endtime="20230904 15:57:34.942"/>
</kw>
<status status="PASS" starttime="20230904 15:57:28.468" endtime="20230904 15:57:34.943"/>
</kw>
<kw name="ExcepVerificationlog" library="ui_keywords2">
<kw name="Run Keyword And Ignore Error" library="BuiltIn">
<arg>Verifificationlog</arg>
<doc>Runs the given keyword with the given arguments and ignores possible error.</doc>
<kw name="Verifificationlog" library="ui_keywords2">
<kw name="Element Should Be Visible" library="SeleniumLibrary">
<arg>${Pdashboard}</arg>
<doc>Verifies that the element identified by ``locator`` is visible.</doc>
<msg timestamp="20230904 15:57:35.025" level="INFO" html="true">&lt;/td&gt;&lt;/tr&gt;&lt;tr&gt;&lt;td colspan="3"&gt;&lt;a href="selenium-screenshot-1.png"&gt;&lt;img src="selenium-screenshot-1.png" width="800px"&gt;&lt;/a&gt;</msg>
<msg timestamp="20230904 15:57:35.027" level="FAIL">Element with locator '//h6[@class="oxd-text oxd-text--h6 oxd-topbar-header-breadcrumb-module"]' not found.</msg>
<status status="FAIL" starttime="20230904 15:57:34.948" endtime="20230904 15:57:35.031"/>
</kw>
<status status="FAIL" starttime="20230904 15:57:34.946" endtime="20230904 15:57:35.032"/>
</kw>
<status status="PASS" starttime="20230904 15:57:34.944" endtime="20230904 15:57:35.032"/>
</kw>
<kw name="Log" library="BuiltIn">
<arg>Enter the correct password</arg>
<doc>Logs the given message with the given level.</doc>
<msg timestamp="20230904 15:57:35.033" level="INFO">Enter the correct password</msg>
<status status="PASS" starttime="20230904 15:57:35.032" endtime="20230904 15:57:35.033"/>
</kw>
<status status="PASS" starttime="20230904 15:57:34.943" endtime="20230904 15:57:35.033"/>
</kw>
<kw name="Close Browser" library="SeleniumLibrary">
<doc>Closes the current browser.</doc>
<status status="PASS" starttime="20230904 15:57:35.033" endtime="20230904 15:57:38.226"/>
</kw>
<status status="PASS" starttime="20230904 15:57:08.198" endtime="20230904 15:57:38.227"/>
</test>
<status status="PASS" starttime="20230904 15:57:07.933" endtime="20230904 15:57:38.228"/>
</suite>
<statistics>
<total>
<stat pass="1" fail="0" skip="0">All Tests</stat>
</total>
<tag>
</tag>
<suite>
<stat pass="1" fail="0" skip="0" id="s1" name="Login 02 test">Login 02 test</stat>
</suite>
</statistics>
<errors>
</errors>
</robot>
